Unity Editor version:    2020.3.22f1 (e1a7f79fd887)
Branch:                  2020.3/staging
Build type:              Release
Batch mode:              YES
macOS version:           Version 12.0.1 (Build 21A559)
Darwin version:          21.1.0
Architecture:            x86_64
Running under Rosetta:   NO
Available memory:        32768 MB
Using pre-set license
Pro License: NO

COMMAND LINE ARGUMENTS:
/Applications/Unity/Hub/Editor/2020.3.22f1/Unity.app/Contents/MacOS/Unity
-adb2
-batchMode
-noUpm
-name
AssetImportWorker0
-projectPath
/Users/renebarrow/Documents - This Computer/Unity Projects/Unity Learn Realtime Animated Storytelling/Unit6_StarterFiles_2019.4
-logFile
Logs/AssetImportWorker0.log
-srvPort
51353
Successfully changed project path to: /Users/renebarrow/Documents - This Computer/Unity Projects/Unity Learn Realtime Animated Storytelling/Unit6_StarterFiles_2019.4
/Users/renebarrow/Documents - This Computer/Unity Projects/Unity Learn Realtime Animated Storytelling/Unit6_StarterFiles_2019.4
Using Asset Import Pipeline V2.
Refreshing native plugins compatible for Editor in 64.55 ms, found 4 plugins.
Preloading 0 native plugins for Editor in 0.00 ms.
Initialize engine version: 2020.3.22f1 (e1a7f79fd887)
[Subsystems] Discovering subsystems at path /Applications/Unity/Hub/Editor/2020.3.22f1/Unity.app/Contents/Resources/UnitySubsystems
[Subsystems] Discovering subsystems at path /Users/renebarrow/Documents - This Computer/Unity Projects/Unity Learn Realtime Animated Storytelling/Unit6_StarterFiles_2019.4/Assets
GfxDevice: creating device client; threaded=0
2021-12-08 11:33:41.768 Unity[4936:319596] Color LCD preferred device: Intel(R) UHD Graphics 630 (low power)
2021-12-08 11:33:41.768 Unity[4936:319596] Metal devices available: 2
2021-12-08 11:33:41.768 Unity[4936:319596] 0: AMD Radeon Pro 5500M (high power)
2021-12-08 11:33:41.768 Unity[4936:319596] 1: Intel(R) UHD Graphics 630 (low power)
2021-12-08 11:33:41.769 Unity[4936:319596] Using device AMD Radeon Pro 5500M (high power)
Initializing Metal device caps: AMD Radeon Pro 5500M
Initialize mono
Mono path[0] = '/Applications/Unity/Hub/Editor/2020.3.22f1/Unity.app/Contents/Managed'
Mono path[1] = '/Applications/Unity/Hub/Editor/2020.3.22f1/Unity.app/Contents/MonoBleedingEdge/lib/mono/unityjit'
Mono config path = '/Applications/Unity/Hub/Editor/2020.3.22f1/Unity.app/Contents/MonoBleedingEdge/etc'
Using monoOptions --debugger-agent=transport=dt_socket,embedding=1,server=y,suspend=n,address=127.0.0.1:56936
Begin MonoManager ReloadAssembly
Registering precompiled unity dll's ...
Register platform support module: /Applications/Unity/Hub/Editor/2020.3.22f1/PlaybackEngines/WebGLSupport/UnityEditor.WebGL.Extensions.dll
Register platform support module: /Applications/Unity/Hub/Editor/2020.3.22f1/Unity.app/Contents/PlaybackEngines/MacStandaloneSupport/UnityEditor.OSXStandalone.Extensions.dll
Register platform support module: /Applications/Unity/Hub/Editor/2020.3.22f1/PlaybackEngines/WindowsStandaloneSupport/UnityEditor.WindowsStandalone.Extensions.dll
Registered in 0.000733 seconds.
Native extension for WindowsStandalone target not found
Native extension for OSXStandalone target not found
Native extension for WebGL target not found
Refreshing native plugins compatible for Editor in 60.35 ms, found 4 plugins.
Preloading 0 native plugins for Editor in 0.00 ms.
Mono: successfully reloaded assembly
- Completed reload, in  3.620 seconds
Domain Reload Profiling:
	ReloadAssembly (3620ms)
		BeginReloadAssembly (39ms)
			ExecutionOrderSort (0ms)
			DisableScriptedObjects (0ms)
			BackupInstance (0ms)
			ReleaseScriptingObjects (0ms)
			CreateAndSetChildDomain (1ms)
		EndReloadAssembly (482ms)
			LoadAssemblies (38ms)
			RebuildTransferFunctionScriptingTraits (0ms)
			SetupTypeCache (168ms)
			ReleaseScriptCaches (0ms)
			RebuildScriptCaches (32ms)
			SetupLoadedEditorAssemblies (205ms)
				LogAssemblyErrors (0ms)
				InitializePlatformSupportModulesInManaged (5ms)
				SetLoadedEditorAssemblies (0ms)
				RefreshPlugins (60ms)
				BeforeProcessingInitializeOnLoad (27ms)
				ProcessInitializeOnLoadAttributes (85ms)
				ProcessInitializeOnLoadMethodAttributes (27ms)
				AfterProcessingInitializeOnLoad (0ms)
				EditorAssembliesLoaded (0ms)
			ExecutionOrderSort2 (0ms)
			AwakeInstancesAfterBackupRestoration (0ms)
Platform modules already initialized, skipping
Registering precompiled user dll's ...
Registered in 0.002525 seconds.
Begin MonoManager ReloadAssembly
Native extension for WindowsStandalone target not found
Native extension for OSXStandalone target not found
Native extension for WebGL target not found
Refreshing native plugins compatible for Editor in 52.88 ms, found 4 plugins.
Preloading 0 native plugins for Editor in 0.00 ms.
Mono: successfully reloaded assembly
- Completed reload, in  1.202 seconds
Domain Reload Profiling:
	ReloadAssembly (1204ms)
		BeginReloadAssembly (138ms)
			ExecutionOrderSort (0ms)
			DisableScriptedObjects (4ms)
			BackupInstance (0ms)
			ReleaseScriptingObjects (0ms)
			CreateAndSetChildDomain (22ms)
		EndReloadAssembly (1004ms)
			LoadAssemblies (87ms)
			RebuildTransferFunctionScriptingTraits (0ms)
			SetupTypeCache (363ms)
			ReleaseScriptCaches (1ms)
			RebuildScriptCaches (69ms)
			SetupLoadedEditorAssemblies (368ms)
				LogAssemblyErrors (0ms)
				InitializePlatformSupportModulesInManaged (5ms)
				SetLoadedEditorAssemblies (0ms)
				RefreshPlugins (53ms)
				BeforeProcessingInitializeOnLoad (81ms)
				ProcessInitializeOnLoadAttributes (220ms)
				ProcessInitializeOnLoadMethodAttributes (7ms)
				AfterProcessingInitializeOnLoad (1ms)
				EditorAssembliesLoaded (0ms)
			ExecutionOrderSort2 (0ms)
			AwakeInstancesAfterBackupRestoration (6ms)
Platform modules already initialized, skipping
Validating Project structure ... 0.003784 seconds.
Shader import version has changed; will reimport all shaders...
Upgrading shader files ...0.002338 seconds.
Application.AssetDatabase Initial Script Refresh Start
RefreshInfo: InitialScriptRefreshV2(NoUpdateAssetOptions) scanfilter:  ... 1 filters
RefreshProfiler: Total: 0.000ms
Application.AssetDatabase Initial Script Refresh End
Application.AssetDatabase.Refresh Start
Application.AssetDatabase.Refresh End
RefreshInfo: StopAssetImportingV2(ForceSynchronousImport) scanfilter: 
RefreshProfiler: Total: 0.000ms
Launching external process: /Applications/Unity/Hub/Editor/2020.3.22f1/Unity.app/Contents/Tools/UnityShaderCompiler
Launched and connected shader compiler UnityShaderCompiler after 0.01 seconds
Initializing Unity extensions:
2021-12-08 11:33:48.367 Unity[4936:319596] NSEventModifierFlagFunction specified to -setKeyEquivalentModifierMask: for item <NSMenuItem: 0x6000038f23e0 Quick Recording, ke='Command-F10'>, but is only supported for system-provided menu items; will not be used
2021-12-08 11:33:48.371 Unity[4936:319596] NSEventModifierFlagFunction specified to -setKeyEquivalentModifierMask: for item <NSMenuItem: 0x6000038c59d0 Font Asset, ke='Command-F12'>, but is only supported for system-provided menu items; will not be used
2021-12-08 11:33:48.374 Unity[4936:319596] NSEventModifierFlagFunction specified to -setKeyEquivalentModifierMask: for item <NSMenuItem: 0x6000038d8070 Quick Recording, ke='Command-F10'>, but is only supported for system-provided menu items; will not be used
2021-12-08 11:33:48.377 Unity[4936:319596] NSEventModifierFlagFunction specified to -setKeyEquivalentModifierMask: for item <NSMenuItem: 0x6000038ad030 Font Asset, ke='Command-F12'>, but is only supported for system-provided menu items; will not be used
========================================================================
Worker process is ready to serve import requests
Refreshing native plugins compatible for Editor in 0.59 ms, found 4 plugins.
Preloading 0 native plugins for Editor in 0.00 ms.
Unloading 3451 Unused Serialized files (Serialized files now loaded: 0)
System memory in use before: 313.0 MB.
System memory in use after: 312.7 MB.

Unloading 180 unused Assets to reduce memory usage. Loaded Objects now: 3913.
Total: 3.841229 ms (FindLiveObjects: 0.388484 ms CreateObjectMapping: 0.148164 ms MarkObjects: 3.035150 ms  DeleteObjects: 0.268641 ms)

AssetImportParameters requested are different than current active one (requested -> active):
  custom:video-decoder-ogg-theora: a1e56fd34408186e4bbccfd4996cb3dc -> 
  custom:container-muxer-webm: aa71ff27fc2769a1b78a27578f13a17b -> 
  custom:container-demuxer-webm: 4f35f7cbe854078d1ac9338744f61a02 -> 
  custom:container-demuxer-ogg: 62fdf1f143b41e24485cea50d1cbac27 -> 
  custom:video-encoder-webm-vp8: eb34c28f22e8b96e1ab97ce403110664 -> 
  custom:framework-osx-AVFoundation: e770b220cccbd017edd2c1fefb359320 -> 
  custom:video-decoder-webm-vp8: 9c59270c3fd7afecdb556c50c9e8de78 -> 
  custom:audio-decoder-ogg-vorbis: bf7c407c2cedff20999df2af8eb42d56 -> 
  custom:audio-encoder-webm-vorbis: bf7c407c2cedff20999df2af8eb42d56 -> 
========================================================================
Received Import Request.
  path: Assets/Scenes/Unit6_Profiles/CM vcam2 Profile.asset
  artifactKey: Guid(6516e7af3d42c43e3aa4b9e6bf8a7482) Importer(815301076,1909f56bfc062723c751e8b465ee728b)
Start importing Assets/Scenes/Unit6_Profiles/CM vcam2 Profile.asset using Guid(6516e7af3d42c43e3aa4b9e6bf8a7482) Importer(815301076,1909f56bfc062723c751e8b465ee728b)  -> (artifact id: 'c585b4a55af25afb39919f7b45135233') in 0.705447 seconds 
  Import took 0.710151 seconds .

========================================================================
Received Import Request.
  Time since last request: 0.002452 seconds.
  path: Assets/Scenes/Unit6/ScenePostProcessing Profile 1.asset
  artifactKey: Guid(5bb9049e9f9bc40f99b9e627cc384da3) Importer(815301076,1909f56bfc062723c751e8b465ee728b)
Start importing Assets/Scenes/Unit6/ScenePostProcessing Profile 1.asset using Guid(5bb9049e9f9bc40f99b9e627cc384da3) Importer(815301076,1909f56bfc062723c751e8b465ee728b)  -> (artifact id: '949ecbf0772b16afb13b4a95e3cd5e6f') in 0.009205 seconds 
  Import took 0.013930 seconds .

========================================================================
Received Import Request.
  Time since last request: 0.000254 seconds.
  path: Assets/Scenes/Unit6/ScenePostProcessing Profile.asset
  artifactKey: Guid(f7915edf2aff749b9940026f9ac2a211) Importer(815301076,1909f56bfc062723c751e8b465ee728b)
Start importing Assets/Scenes/Unit6/ScenePostProcessing Profile.asset using Guid(f7915edf2aff749b9940026f9ac2a211) Importer(815301076,1909f56bfc062723c751e8b465ee728b)  -> (artifact id: '84b923f1251ca67edad7857da10f4bcc') in 0.001869 seconds 
  Import took 0.006470 seconds .

========================================================================
Received Import Request.
  Time since last request: 0.000196 seconds.
  path: Assets/Scenes/Unit6_Profiles/CM vcam1 Profile.asset
  artifactKey: Guid(dab13047b33174094900057837f3643d) Importer(815301076,1909f56bfc062723c751e8b465ee728b)
Start importing Assets/Scenes/Unit6_Profiles/CM vcam1 Profile.asset using Guid(dab13047b33174094900057837f3643d) Importer(815301076,1909f56bfc062723c751e8b465ee728b)  -> (artifact id: '6654c5a137e78dbfdab95bb632c3d38d') in 0.003281 seconds 
  Import took 0.007880 seconds .

AssetImportWorkerClient::OnTransportError - code=2 error=End of file
